<?xml version="1.0" encoding="UTF-8"?>
<!-- Generated by org.testng.reporters.JUnitXMLReporter -->
<testsuite ignored="0" hostname="REFL-RLP271" failures="0" tests="0" time="63.225" errors="0" timestamp="15 Mar 2024 14:30:05 GMT">
  <testcase classname="LambdaAssignmentTask.TestScenario2" name="@BeforeTest setUp" time="21.293">
    <failure type="java.lang.AssertionError" message="expected [95] but found [94]">
      <![CDATA[java.lang.AssertionError: expected [95] but found [94]
at LambdaAssignmentTask.TestScenario2.setUp(TestScenario2.java:47)
... Removed 30 stack frames]]>
    </failure>
  </testcase> <!-- @BeforeTest setUp -->
  <testcase classname="LambdaAssignmentTask.TestScenario3" name="@BeforeTest setUp" time="0.0">
    <skipped/>
  </testcase> <!-- @BeforeTest setUp -->
</testsuite>
